<?xml version="1.0" encoding="UTF-8" ?>
<testsuite failures="0" time="15.872" errors="0" skipped="0" tests="53" name="com.google.bitcoin.core.WalletTest">
  <properties>
[...]
</properties>
  <testcase time="0.157" classname="com.google.bitcoin.core.WalletTest" name="cleanupFailsDueToSpend"/>
  <testcase time="0.136" classname="com.google.bitcoin.core.WalletTest" name="spendOutputFromPendingTransaction"/>
  <testcase time="0.11" classname="com.google.bitcoin.core.WalletTest" name="isConsistent_pools"/>
  <testcase time="0.105" classname="com.google.bitcoin.core.WalletTest" name="isConsistent_spent"/>
  <testcase time="0.127" classname="com.google.bitcoin.core.WalletTest" name="balances"/>
  <testcase time="0.12" classname="com.google.bitcoin.core.WalletTest" name="sideChain"/>
  <testcase time="0.125" classname="com.google.bitcoin.core.WalletTest" name="watchingScriptsConfirmed"/>
  <testcase time="0.168" classname="com.google.bitcoin.core.WalletTest" name="encryptionDecryptionHomogenousKeys"/>
  <testcase time="0.109" classname="com.google.bitcoin.core.WalletTest" name="replayWhilstPending"/>
  <testcase time="0.1" classname="com.google.bitcoin.core.WalletTest" name="addUnencryptedKeyToEncryptedWallet"/>
  <testcase time="0.448" classname="com.google.bitcoin.core.WalletTest" name="testEmptyRandomWallet"/>
  <testcase time="0.159" classname="com.google.bitcoin.core.WalletTest" name="testCompleteTxWithExistingInputs"/>
  <testcase time="0.123" classname="com.google.bitcoin.core.WalletTest" name="bounce"/>
  <testcase time="0.25" classname="com.google.bitcoin.core.WalletTest" name="keyRotation"/>
  <testcase time="0.386" classname="com.google.bitcoin.core.WalletTest" name="ageMattersDuringSelection"/>
  <testcase time="0.096" classname="com.google.bitcoin.core.WalletTest" name="encryptionDecryptionBadPassword"/>
  <testcase time="0.116" classname="com.google.bitcoin.core.WalletTest" name="spendToSameWallet"/>
  <testcase time="0.133" classname="com.google.bitcoin.core.WalletTest" name="lastBlockSeen"/>
  <testcase time="0.106" classname="com.google.bitcoin.core.WalletTest" name="keyCreationTime"/>
  <testcase time="0.165" classname="com.google.bitcoin.core.WalletTest" name="doubleSpendFinneyAttack"/>
  <testcase time="0.139" classname="com.google.bitcoin.core.WalletTest" name="respectMaxStandardSize"/>
  <testcase time="0.144" classname="com.google.bitcoin.core.WalletTest" name="balance"/>
  <testcase time="0.126" classname="com.google.bitcoin.core.WalletTest" name="watchingScriptsSentFrom"/>
  <testcase time="0.162" classname="com.google.bitcoin.core.WalletTest" name="doubleSpendUnspendsOtherInputs"/>
  <testcase time="0.13" classname="com.google.bitcoin.core.WalletTest" name="addEncryptedKeyToUnencryptedWallet"/>
  <testcase time="0.168" classname="com.google.bitcoin.core.WalletTest" name="testCategory2WithChange"/>
  <testcase time="0.143" classname="com.google.bitcoin.core.WalletTest" name="basicSpendingToP2SH"/>
  <testcase time="0.107" classname="com.google.bitcoin.core.WalletTest" name="customTransactionSpending"/>
  <testcase time="0.143" classname="com.google.bitcoin.core.WalletTest" name="blockChainCatchup"/>
  <testcase time="0.117" classname="com.google.bitcoin.core.WalletTest" name="pending1"/>
  <testcase time="0.11" classname="com.google.bitcoin.core.WalletTest" name="pending2"/>
  <testcase time="0.101" classname="com.google.bitcoin.core.WalletTest" name="pending3"/>
  <testcase time="0.108" classname="com.google.bitcoin.core.WalletTest" name="exceptionsDoNotBlockAllListeners"/>
  <testcase time="0.102" classname="com.google.bitcoin.core.WalletTest" name="scriptCreationTime"/>
  <testcase time="0.115" classname="com.google.bitcoin.core.WalletTest" name="autosaveImmediate"/>
  <testcase time="0.142" classname="com.google.bitcoin.core.WalletTest" name="transactionsList"/>
  <testcase time="0.175" classname="com.google.bitcoin.core.WalletTest" name="feePerKbCategoryJumpTest"/>
  <testcase time="0.174" classname="com.google.bitcoin.core.WalletTest" name="testEmptyWallet"/>
  <testcase time="0.157" classname="com.google.bitcoin.core.WalletTest" name="basicSpending"/>
  <testcase time="5.074" classname="com.google.bitcoin.core.WalletTest" name="basicCategoryStepTest"/>
  <testcase time="0.117" classname="com.google.bitcoin.core.WalletTest" name="cleanup"/>
  <testcase time="3.132" classname="com.google.bitcoin.core.WalletTest" name="autosaveDelayed"/>
  <testcase time="0.14" classname="com.google.bitcoin.core.WalletTest" name="doubleSpends"/>
  <testcase time="0.112" classname="com.google.bitcoin.core.WalletTest" name="watchingScriptsBloomFilter"/>
  <testcase time="0.126" classname="com.google.bitcoin.core.WalletTest" name="pubkeyOnlyScripts"/>
  <testcase time="0.175" classname="com.google.bitcoin.core.WalletTest" name="basicSpendingWithEncryptedWallet"/>
  <testcase time="0.105" classname="com.google.bitcoin.core.WalletTest" name="encryptionDecryptionCheckExceptions"/>
  <testcase time="0.1" classname="com.google.bitcoin.core.WalletTest" name="isConsistent_duplicates"/>
  <testcase time="0.172" classname="com.google.bitcoin.core.WalletTest" name="encryptionDecryptionBasic"/>
  <testcase time="0.418" classname="com.google.bitcoin.core.WalletTest" name="feeSolverAndCoinSelectionTest"/>
  <testcase time="0.103" classname="com.google.bitcoin.core.WalletTest" name="watchingScripts"/>
  <testcase time="0.167" classname="com.google.bitcoin.core.WalletTest" name="completeTxPartiallySigned"/>
  <testcase time="0.107" classname="com.google.bitcoin.core.WalletTest" name="transactions"/>
</testsuite>